<?xml version="1.0" encoding="UTF-8"?>
<!-- Generated by org.testng.reporters.JUnitXMLReporter -->
<testsuite ignored="3" hostname="DESKTOP-PA5GVIV" failures="0" tests="1" name="MyTestNew" time="0.061" errors="0" timestamp="2022-12-09T01:22:00 PST">
  <testcase classname="com.mytestngtests.TestNGTestOne" name="testScript_4" time="0.008"/>
  <testcase classname="com.mytestngtests.TestNGTestOne" name="testScript_3" time="0.0">
    <ignored/>
  </testcase> <!-- testScript_3 -->
  <testcase classname="com.mytestngtests.TestNGTestOne" name="testScript_1" time="0.0">
    <ignored/>
  </testcase> <!-- testScript_1 -->
  <testcase classname="com.mytestngtests.TestNGTestOne" name="testScript_2" time="0.0">
    <ignored/>
  </testcase> <!-- testScript_2 -->
</testsuite> <!-- MyTestNew -->
