<?xml version="1.0" encoding="UTF-8"?>
<!-- Generated by org.testng.reporters.JUnitXMLReporter -->
<testsuite ignored="2" hostname="DESKTOP-PA5GVIV" failures="0" tests="1" name="Default test" time="0.275" errors="0" timestamp="2022-12-16T00:02:15 PST">
  <testcase classname="com.mytestngtests2.TestNGTestDay23" name="testScript_2" time="0.054"/>
  <testcase classname="com.mytestngtests2.TestNGTestDay23" name="testScript_1" time="0.0">
    <ignored/>
  </testcase> <!-- testScript_1 -->
  <testcase classname="com.mytestngtests2.TestNGTestDay23" name="testScript_3" time="0.0">
    <ignored/>
  </testcase> <!-- testScript_3 -->
</testsuite> <!-- Default test -->
