<?xml version="1.0" encoding="UTF-8"?>
<!-- Generated by org.testng.reporters.JUnitXMLReporter -->
<testsuite ignored="0" hostname="DESKTOP-PA5GVIV" failures="0" tests="2" name="chromeTest" time="16.554" errors="0" timestamp="2022-12-11T12:16:51 PST">
  <testcase classname="com.mytestngday22.AutomationScripts1" name="JavaTestParallelMethod1" time="8.242"/>
  <testcase classname="com.mytestngday22.AutomationScripts1" name="JavaTestParallelMethod2" time="8.249"/>
</testsuite> <!-- chromeTest -->
