<?xml version="1.0" encoding="UTF-8"?>
<!-- Generated by org.testng.reporters.JUnitXMLReporter -->
<testsuite ignored="0" hostname="DESKTOP-PA5GVIV" failures="0" tests="2" name="edgeTest" time="16.938" errors="0" timestamp="2022-12-11T12:17:08 PST">
  <testcase classname="com.mytestngday22.AutomationScripts1" name="JavaTestParallelMethod1" time="9.084"/>
  <testcase classname="com.mytestngday22.AutomationScripts1" name="JavaTestParallelMethod2" time="7.848"/>
</testsuite> <!-- edgeTest -->
