<?xml version="1.0" encoding="UTF-8"?>
<testng-results ignored="34" total="35" passed="1" failed="0" skipped="0">
  <reporter-output>
  </reporter-output>
  <suite started-at="2023-01-09T08:14:14 PST" name="Default suite" finished-at="2023-01-09T08:14:40 PST" duration-ms="25643">
    <groups>
    </groups>
    <test started-at="2023-01-09T08:14:14 PST" name="Default test" finished-at="2023-01-09T08:14:40 PST" duration-ms="25643">
      <class name="tests.LoginTest">
        <test-method is-config="true" signature="setUp()[pri:0, instance:tests.LoginTest@6722db6e]" started-at="2023-01-09T08:14:13 PST" name="setUp" finished-at="2023-01-09T08:14:14 PST" duration-ms="397" status="PASS">
          <reporter-output>
          </reporter-output>
        </test-method> <!-- setUp -->
        <test-method is-config="true" signature="setDriver()[pri:0, instance:tests.LoginTest@6722db6e]" started-at="2023-01-09T08:14:14 PST" name="setDriver" finished-at="2023-01-09T08:14:18 PST" duration-ms="4077" status="PASS">
          <reporter-output>
          </reporter-output>
        </test-method> <!-- setDriver -->
        <test-method signature="TC12()[pri:0, instance:tests.LoginTest@6722db6e]" started-at="2023-01-09T08:14:18 PST" name="TC12" finished-at="2023-01-09T08:14:39 PST" duration-ms="20906" status="PASS">
          <reporter-output>
          </reporter-output>
        </test-method> <!-- TC12 -->
        <test-method is-config="true" signature="removeDriver()[pri:0, instance:tests.LoginTest@6722db6e]" started-at="2023-01-09T08:14:39 PST" name="removeDriver" finished-at="2023-01-09T08:14:40 PST" duration-ms="596" status="PASS">
          <reporter-output>
          </reporter-output>
        </test-method> <!-- removeDriver -->
        <test-method is-config="true" signature="tearDown()[pri:0, instance:tests.LoginTest@6722db6e]" started-at="2023-01-09T08:14:40 PST" name="tearDown" finished-at="2023-01-09T08:14:40 PST" duration-ms="601" status="PASS">
          <reporter-output>
          </reporter-output>
        </test-method> <!-- tearDown -->
      </class> <!-- tests.LoginTest -->
    </test> <!-- Default test -->
  </suite> <!-- Default suite -->
</testng-results>
