<?xml version="1.0" encoding="UTF-8"?>
<!-- Generated by org.testng.reporters.JUnitXMLReporter -->
<testsuite ignored="2" hostname="DESKTOP-HUI6R7L" failures="0" tests="1" name="Default test" time="46.014" errors="0" timestamp="2024-01-17T16:58:00 PST">
  <testcase classname="xeroautomationfw.xero_test_cases" name="tc3" time="34.338"/>
  <testcase classname="xeroautomationfw.xero_test_cases" name="tc1" time="0.0">
    <ignored/>
  </testcase> <!-- tc1 -->
  <testcase classname="xeroautomationfw.xero_test_cases" name="tc2" time="0.0">
    <ignored/>
  </testcase> <!-- tc2 -->
</testsuite> <!-- Default test -->
