<?xml version="1.0" encoding="UTF-8"?>
<!-- Generated by org.testng.reporters.JUnitXMLReporter -->
<testsuite ignored="0" hostname="DESKTOP-PA5GVIV" failures="0" tests="4" name="SimpleTestTwo" time="0.033" errors="0" timestamp="2022-12-09T00:16:49 PST">
  <testcase classname="com.mytestngtests.TestNGTestOne" name="testScript_1" time="0.002"/>
  <testcase classname="com.mytestngtests.TestNGTestOne" name="testScript_2" time="0.002"/>
  <testcase classname="com.mytestngtests.TestNGTestOne" name="testScript_3" time="0.002"/>
  <testcase classname="com.mytestngtests.TestNGTestOne" name="testScript_4" time="0.004"/>
</testsuite> <!-- SimpleTestTwo -->
