<?xml version="1.0" encoding="UTF-8"?>
<!-- Generated by org.testng.reporters.JUnitXMLReporter -->
<testsuite ignored="0" hostname="DESKTOP-PA5GVIV" failures="0" tests="8" name="SimpleTest" time="0.136" errors="0" timestamp="2022-12-08T23:04:39 PST">
  <testcase classname="com.mytestngtests.TestNGTestOne" name="testScript_1" time="0.011"/>
  <testcase classname="com.mytestngtests.TestNGTestOne" name="testScript_2" time="0.003"/>
  <testcase classname="com.mytestngtests.TestNGTestOne" name="testScript_3" time="0.009"/>
  <testcase classname="com.mytestngtests.TestNGTestOne" name="testScript_4" time="0.007"/>
  <testcase classname="com.mytestngtests.TestNGTestTwo" name="testScript_1" time="0.003"/>
  <testcase classname="com.mytestngtests.TestNGTestTwo" name="testScript_2" time="0.002"/>
  <testcase classname="com.mytestngtests.TestNGTestTwo" name="testScript_3" time="0.003"/>
  <testcase classname="com.mytestngtests.TestNGTestTwo" name="testScript_4" time="0.002"/>
</testsuite> <!-- SimpleTest -->
