<?xml version="1.0" encoding="UTF-8"?>
<testng-results ignored="2" total="3" passed="1" failed="0" skipped="0">
  <reporter-output>
  </reporter-output>
  <suite started-at="2024-01-17T16:57:14 PST" name="Default suite" finished-at="2024-01-17T16:58:00 PST" duration-ms="46014">
    <groups>
    </groups>
    <test started-at="2024-01-17T16:57:14 PST" name="Default test" finished-at="2024-01-17T16:58:00 PST" duration-ms="46014">
      <class name="xeroautomationfw.xero_test_cases">
        <test-method is-config="true" signature="launchapp()[pri:0, instance:xeroautomationfw.xero_test_cases@22ef9844]" started-at="2024-01-17T16:57:14 PST" name="launchapp" finished-at="2024-01-17T16:57:26 PST" duration-ms="11362" status="PASS">
          <reporter-output>
          </reporter-output>
        </test-method> <!-- launchapp -->
        <test-method signature="tc3()[pri:0, instance:xeroautomationfw.xero_test_cases@22ef9844]" started-at="2024-01-17T16:57:26 PST" name="tc3" finished-at="2024-01-17T16:58:00 PST" duration-ms="34338" status="PASS">
          <reporter-output>
          </reporter-output>
        </test-method> <!-- tc3 -->
        <test-method is-config="true" signature="teardown()[pri:0, instance:xeroautomationfw.xero_test_cases@22ef9844]" started-at="2024-01-17T16:58:00 PST" name="teardown" finished-at="2024-01-17T16:58:00 PST" duration-ms="282" status="PASS">
          <reporter-output>
          </reporter-output>
        </test-method> <!-- teardown -->
      </class> <!-- xeroautomationfw.xero_test_cases -->
    </test> <!-- Default test -->
  </suite> <!-- Default suite -->
</testng-results>
